2017-06-05 09:50:10 [ INFO] com.iflytek.msp.cpdb.lfasr.worker.UploadWorker.upload(UploadWorker.java:88) - prepare ok
2017-06-05 09:50:10 [ INFO] com.iflytek.msp.cpdb.lfasr.worker.UploadWorker.upload(UploadWorker.java:92) - get task_id:c9d93babcede4c8ca8e729a01668404e
2017-06-05 09:50:10 [ INFO] com.iflytek.msp.cpdb.lfasr.worker.UploadWorker.metaPersistency(UploadWorker.java:138) - write meta info success, store file:E:\20170511 Voice Samples\resources\/c9d93babcede4c8ca8e729a01668404e.dat
2017-06-05 09:50:29 [ INFO] com.iflytek.msp.cpdb.lfasr.worker.UploadThread.run(UploadThread.java:43) - upload file send success, file:E:\20170511 Voice Samples\resources\ceshi.wav, task_id:c9d93babcede4c8ca8e729a01668404e
2017-06-05 09:50:30 [ INFO] com.iflytek.msp.cpdb.lfasr.event.EventHandler$ProcessorThread.run(EventHandler.java:131) - task_id:c9d93babcede4c8ca8e729a01668404e send meger success, 
2017-06-05 14:50:06 [ INFO] com.iflytek.msp.cpdb.lfasr.worker.UploadWorker.upload(UploadWorker.java:88) - prepare ok
2017-06-05 14:50:06 [ INFO] com.iflytek.msp.cpdb.lfasr.worker.UploadWorker.upload(UploadWorker.java:92) - get task_id:7f68a882e0de461ea97fc2e3e864313c
2017-06-05 14:50:06 [ INFO] com.iflytek.msp.cpdb.lfasr.worker.UploadWorker.metaPersistency(UploadWorker.java:138) - write meta info success, store file:E:\/7f68a882e0de461ea97fc2e3e864313c.dat
2017-06-05 14:50:09 [ INFO] com.iflytek.msp.cpdb.lfasr.worker.UploadThread.run(UploadThread.java:43) - upload file send success, file:E:\20170511 Voice Samples\resources\ceshi.wav, task_id:7f68a882e0de461ea97fc2e3e864313c
2017-06-05 14:50:10 [ INFO] com.iflytek.msp.cpdb.lfasr.event.EventHandler$ProcessorThread.run(EventHandler.java:131) - task_id:7f68a882e0de461ea97fc2e3e864313c send meger success, 
2017-06-14 15:45:37 [ INFO] com.iflytek.msp.cpdb.lfasr.worker.UploadWorker.upload(UploadWorker.java:91) - prepare ok
2017-06-14 15:45:37 [ INFO] com.iflytek.msp.cpdb.lfasr.worker.UploadWorker.upload(UploadWorker.java:95) - get task_id:49c4fdd5b727472d9aca68b90f38926d
2017-06-14 15:45:37 [ INFO] com.iflytek.msp.cpdb.lfasr.worker.UploadWorker.metaPersistency(UploadWorker.java:141) - write meta info success, store file:E:\/49c4fdd5b727472d9aca68b90f38926d.dat
2017-06-14 15:45:40 [ INFO] com.iflytek.msp.cpdb.lfasr.worker.UploadThread.run(UploadThread.java:43) - upload file send success, file:E:\20170511 Voice Samples\resources\ceshi.wav, task_id:49c4fdd5b727472d9aca68b90f38926d
2017-06-14 15:45:41 [ INFO] com.iflytek.msp.cpdb.lfasr.event.EventHandler$ProcessorThread.run(EventHandler.java:131) - task_id:49c4fdd5b727472d9aca68b90f38926d send meger success, 
2017-06-14 15:49:06 [ INFO] com.iflytek.msp.cpdb.lfasr.worker.UploadWorker.upload(UploadWorker.java:91) - prepare ok
2017-06-14 15:49:06 [ INFO] com.iflytek.msp.cpdb.lfasr.worker.UploadWorker.upload(UploadWorker.java:95) - get task_id:96f1f886a86e4403add7006d2113f6e1
2017-06-14 15:49:06 [ INFO] com.iflytek.msp.cpdb.lfasr.worker.UploadWorker.metaPersistency(UploadWorker.java:141) - write meta info success, store file:E:\/96f1f886a86e4403add7006d2113f6e1.dat
2017-06-14 15:49:10 [ INFO] com.iflytek.msp.cpdb.lfasr.worker.UploadThread.run(UploadThread.java:43) - upload file send success, file:E:\20170511 Voice Samples\resources\ceshi.wav, task_id:96f1f886a86e4403add7006d2113f6e1
2017-06-14 15:49:11 [ INFO] com.iflytek.msp.cpdb.lfasr.event.EventHandler$ProcessorThread.run(EventHandler.java:131) - task_id:96f1f886a86e4403add7006d2113f6e1 send meger success, 
2017-06-14 15:49:34 [ INFO] com.iflytek.msp.cpdb.lfasr.worker.UploadWorker.upload(UploadWorker.java:91) - prepare ok
2017-06-14 15:49:34 [ INFO] com.iflytek.msp.cpdb.lfasr.worker.UploadWorker.upload(UploadWorker.java:95) - get task_id:1e36df6f542649359ca0db21c65f3c93
2017-06-14 15:49:34 [ INFO] com.iflytek.msp.cpdb.lfasr.worker.UploadWorker.metaPersistency(UploadWorker.java:141) - write meta info success, store file:E:\/1e36df6f542649359ca0db21c65f3c93.dat
2017-06-14 15:49:37 [ INFO] com.iflytek.msp.cpdb.lfasr.worker.UploadThread.run(UploadThread.java:43) - upload file send success, file:E:\20170511 Voice Samples\resources\ceshi.wav, task_id:1e36df6f542649359ca0db21c65f3c93
2017-06-14 15:49:38 [ INFO] com.iflytek.msp.cpdb.lfasr.event.EventHandler$ProcessorThread.run(EventHandler.java:131) - task_id:1e36df6f542649359ca0db21c65f3c93 send meger success, 
2017-06-14 15:50:19 [ INFO] com.iflytek.msp.cpdb.lfasr.worker.UploadWorker.upload(UploadWorker.java:91) - prepare ok
2017-06-14 15:50:19 [ INFO] com.iflytek.msp.cpdb.lfasr.worker.UploadWorker.upload(UploadWorker.java:95) - get task_id:2ca3431d99e44834b910892a71053728
2017-06-14 15:50:19 [ INFO] com.iflytek.msp.cpdb.lfasr.worker.UploadWorker.metaPersistency(UploadWorker.java:141) - write meta info success, store file:E:\/2ca3431d99e44834b910892a71053728.dat
2017-06-14 15:50:23 [ INFO] com.iflytek.msp.cpdb.lfasr.worker.UploadThread.run(UploadThread.java:43) - upload file send success, file:E:\20170511 Voice Samples\resources\ceshi.wav, task_id:2ca3431d99e44834b910892a71053728
2017-06-14 15:50:24 [ INFO] com.iflytek.msp.cpdb.lfasr.event.EventHandler$ProcessorThread.run(EventHandler.java:131) - task_id:2ca3431d99e44834b910892a71053728 send meger success, 
2017-06-14 15:54:09 [ INFO] com.iflytek.msp.cpdb.lfasr.worker.UploadWorker.upload(UploadWorker.java:91) - prepare ok
2017-06-14 15:54:09 [ INFO] com.iflytek.msp.cpdb.lfasr.worker.UploadWorker.upload(UploadWorker.java:95) - get task_id:067f84798cd54e4abd3c0d3471d3af4d
2017-06-14 15:54:09 [ INFO] com.iflytek.msp.cpdb.lfasr.worker.UploadWorker.metaPersistency(UploadWorker.java:141) - write meta info success, store file:E:\/067f84798cd54e4abd3c0d3471d3af4d.dat
2017-06-14 15:54:16 [ INFO] com.iflytek.msp.cpdb.lfasr.worker.UploadThread.run(UploadThread.java:43) - upload file send success, file:E:\20170511 Voice Samples\resources\ceshi.wav, task_id:067f84798cd54e4abd3c0d3471d3af4d
2017-06-14 15:54:18 [ INFO] com.iflytek.msp.cpdb.lfasr.event.EventHandler$ProcessorThread.run(EventHandler.java:131) - task_id:067f84798cd54e4abd3c0d3471d3af4d send meger success, 
2017-06-14 15:55:30 [ INFO] com.iflytek.msp.cpdb.lfasr.worker.UploadWorker.upload(UploadWorker.java:91) - prepare ok
2017-06-14 15:55:30 [ INFO] com.iflytek.msp.cpdb.lfasr.worker.UploadWorker.upload(UploadWorker.java:95) - get task_id:cefc5b6663fb419ca9ae1e90c3abe68c
2017-06-14 15:55:31 [ INFO] com.iflytek.msp.cpdb.lfasr.worker.UploadWorker.metaPersistency(UploadWorker.java:141) - write meta info success, store file:E:\/cefc5b6663fb419ca9ae1e90c3abe68c.dat
2017-06-14 15:55:34 [ INFO] com.iflytek.msp.cpdb.lfasr.worker.UploadThread.run(UploadThread.java:43) - upload file send success, file:E:\20170511 Voice Samples\resources\ceshi.wav, task_id:cefc5b6663fb419ca9ae1e90c3abe68c
2017-06-14 15:55:35 [ INFO] com.iflytek.msp.cpdb.lfasr.event.EventHandler$ProcessorThread.run(EventHandler.java:131) - task_id:cefc5b6663fb419ca9ae1e90c3abe68c send meger success, 
2017-09-01 20:23:26 [ERROR] com.iflytek.msp.cpdb.lfasr.http.HttpUtil.post(HttpUtil.java:51) - [COMPENT]-CLIENT [PROCESS]-HttpUtil [ID]- [STATUS]- [MEASURE]-(-1) ms [DEF]-http post request error
java.net.SocketException: Connection reset
	at java.net.SocketInputStream.read(SocketInputStream.java:209)
	at java.net.SocketInputStream.read(SocketInputStream.java:141)
	at org.apache.http.impl.io.SessionInputBufferImpl.streamRead(SessionInputBufferImpl.java:139)
	at org.apache.http.impl.io.SessionInputBufferImpl.fillBuffer(SessionInputBufferImpl.java:155)
	at org.apache.http.impl.io.SessionInputBufferImpl.readLine(SessionInputBufferImpl.java:284)
	at org.apache.http.impl.conn.DefaultHttpResponseParser.parseHead(DefaultHttpResponseParser.java:140)
	at org.apache.http.impl.conn.DefaultHttpResponseParser.parseHead(DefaultHttpResponseParser.java:57)
	at org.apache.http.impl.io.AbstractMessageParser.parse(AbstractMessageParser.java:261)
	at org.apache.http.impl.DefaultBHttpClientConnection.receiveResponseHeader(DefaultBHttpClientConnection.java:165)
	at org.apache.http.impl.conn.CPoolProxy.receiveResponseHeader(CPoolProxy.java:167)
	at org.apache.http.protocol.HttpRequestExecutor.doReceiveResponse(HttpRequestExecutor.java:272)
	at org.apache.http.protocol.HttpRequestExecutor.execute(HttpRequestExecutor.java:124)
	at org.apache.http.impl.execchain.MainClientExec.execute(MainClientExec.java:271)
	at org.apache.http.impl.execchain.ProtocolExec.execute(ProtocolExec.java:184)
	at org.apache.http.impl.execchain.RetryExec.execute(RetryExec.java:88)
	at org.apache.http.impl.execchain.RedirectExec.execute(RedirectExec.java:110)
	at org.apache.http.impl.client.InternalHttpClient.doExecute(InternalHttpClient.java:184)
	at org.apache.http.impl.client.CloseableHttpClient.execute(CloseableHttpClient.java:82)
	at org.apache.http.impl.client.CloseableHttpClient.execute(CloseableHttpClient.java:107)
	at com.iflytek.msp.cpdb.lfasr.http.HttpUtil.post(HttpUtil.java:48)
	at com.iflytek.msp.cpdb.lfasr.worker.HttpWorker.prepare(HttpWorker.java:46)
	at com.iflytek.msp.cpdb.lfasr.worker.UploadWorker.upload(UploadWorker.java:81)
	at com.iflytek.msp.cpdb.lfasr.client.LfasrClientImp.lfasrUpload(LfasrClientImp.java:181)
	at com.iflytek.msp.lfasr.TestLfasr.main(TestLfasr.java:41)
2017-09-01 20:23:26 [ERROR] com.iflytek.msp.cpdb.lfasr.worker.UploadWorker.upload(UploadWorker.java:93) - [COMPENT]-CLIENT [PROCESS]-UploadWorker [ID]-null [STATUS]- [MEASURE]-(-1) ms [DEF]-prepare error:HTTP请求失败!
2017-09-01 20:27:21 [ERROR] com.iflytek.msp.cpdb.lfasr.http.HttpUtil.post(HttpUtil.java:51) - [COMPENT]-CLIENT [PROCESS]-HttpUtil [ID]- [STATUS]- [MEASURE]-(-1) ms [DEF]-http post request error
java.net.SocketException: Connection reset
	at java.net.SocketInputStream.read(SocketInputStream.java:209)
	at java.net.SocketInputStream.read(SocketInputStream.java:141)
	at org.apache.http.impl.io.SessionInputBufferImpl.streamRead(SessionInputBufferImpl.java:139)
	at org.apache.http.impl.io.SessionInputBufferImpl.fillBuffer(SessionInputBufferImpl.java:155)
	at org.apache.http.impl.io.SessionInputBufferImpl.readLine(SessionInputBufferImpl.java:284)
	at org.apache.http.impl.conn.DefaultHttpResponseParser.parseHead(DefaultHttpResponseParser.java:140)
	at org.apache.http.impl.conn.DefaultHttpResponseParser.parseHead(DefaultHttpResponseParser.java:57)
	at org.apache.http.impl.io.AbstractMessageParser.parse(AbstractMessageParser.java:261)
	at org.apache.http.impl.DefaultBHttpClientConnection.receiveResponseHeader(DefaultBHttpClientConnection.java:165)
	at org.apache.http.impl.conn.CPoolProxy.receiveResponseHeader(CPoolProxy.java:167)
	at org.apache.http.protocol.HttpRequestExecutor.doReceiveResponse(HttpRequestExecutor.java:272)
	at org.apache.http.protocol.HttpRequestExecutor.execute(HttpRequestExecutor.java:124)
	at org.apache.http.impl.execchain.MainClientExec.execute(MainClientExec.java:271)
	at org.apache.http.impl.execchain.ProtocolExec.execute(ProtocolExec.java:184)
	at org.apache.http.impl.execchain.RetryExec.execute(RetryExec.java:88)
	at org.apache.http.impl.execchain.RedirectExec.execute(RedirectExec.java:110)
	at org.apache.http.impl.client.InternalHttpClient.doExecute(InternalHttpClient.java:184)
	at org.apache.http.impl.client.CloseableHttpClient.execute(CloseableHttpClient.java:82)
	at org.apache.http.impl.client.CloseableHttpClient.execute(CloseableHttpClient.java:107)
	at com.iflytek.msp.cpdb.lfasr.http.HttpUtil.post(HttpUtil.java:48)
	at com.iflytek.msp.cpdb.lfasr.worker.HttpWorker.prepare(HttpWorker.java:46)
	at com.iflytek.msp.cpdb.lfasr.worker.UploadWorker.upload(UploadWorker.java:81)
	at com.iflytek.msp.cpdb.lfasr.client.LfasrClientImp.lfasrUpload(LfasrClientImp.java:181)
	at com.iflytek.msp.lfasr.TestLfasr.main(TestLfasr.java:41)
2017-09-01 20:27:21 [ERROR] com.iflytek.msp.cpdb.lfasr.worker.UploadWorker.upload(UploadWorker.java:93) - [COMPENT]-CLIENT [PROCESS]-UploadWorker [ID]-null [STATUS]- [MEASURE]-(-1) ms [DEF]-prepare error:HTTP请求失败!
2017-09-01 20:37:21 [ERROR] com.iflytek.msp.cpdb.lfasr.client.LfasrClientImp.<init>(LfasrClientImp.java:108) - [COMPENT]-CLIENT [PROCESS]-LfasrClientImp [ID]- [STATUS]- [MEASURE]-(-1) ms [DEF]-{"ok":"-1", "err_no":"26100", "failed":"转写配置文件错误!", "data":""}
2017-09-01 22:19:51 [ERROR] com.iflytek.msp.cpdb.lfasr.http.HttpUtil.post(HttpUtil.java:51) - [COMPENT]-CLIENT [PROCESS]-HttpUtil [ID]- [STATUS]- [MEASURE]-(-1) ms [DEF]-http post request error
java.net.SocketException: Connection reset
	at java.net.SocketInputStream.read(SocketInputStream.java:209)
	at java.net.SocketInputStream.read(SocketInputStream.java:141)
	at org.apache.http.impl.io.SessionInputBufferImpl.streamRead(SessionInputBufferImpl.java:139)
	at org.apache.http.impl.io.SessionInputBufferImpl.fillBuffer(SessionInputBufferImpl.java:155)
	at org.apache.http.impl.io.SessionInputBufferImpl.readLine(SessionInputBufferImpl.java:284)
	at org.apache.http.impl.conn.DefaultHttpResponseParser.parseHead(DefaultHttpResponseParser.java:140)
	at org.apache.http.impl.conn.DefaultHttpResponseParser.parseHead(DefaultHttpResponseParser.java:57)
	at org.apache.http.impl.io.AbstractMessageParser.parse(AbstractMessageParser.java:261)
	at org.apache.http.impl.DefaultBHttpClientConnection.receiveResponseHeader(DefaultBHttpClientConnection.java:165)
	at org.apache.http.impl.conn.CPoolProxy.receiveResponseHeader(CPoolProxy.java:167)
	at org.apache.http.protocol.HttpRequestExecutor.doReceiveResponse(HttpRequestExecutor.java:272)
	at org.apache.http.protocol.HttpRequestExecutor.execute(HttpRequestExecutor.java:124)
	at org.apache.http.impl.execchain.MainClientExec.execute(MainClientExec.java:271)
	at org.apache.http.impl.execchain.ProtocolExec.execute(ProtocolExec.java:184)
	at org.apache.http.impl.execchain.RetryExec.execute(RetryExec.java:88)
	at org.apache.http.impl.execchain.RedirectExec.execute(RedirectExec.java:110)
	at org.apache.http.impl.client.InternalHttpClient.doExecute(InternalHttpClient.java:184)
	at org.apache.http.impl.client.CloseableHttpClient.execute(CloseableHttpClient.java:82)
	at org.apache.http.impl.client.CloseableHttpClient.execute(CloseableHttpClient.java:107)
	at com.iflytek.msp.cpdb.lfasr.http.HttpUtil.post(HttpUtil.java:48)
	at com.iflytek.msp.cpdb.lfasr.worker.HttpWorker.prepare(HttpWorker.java:46)
	at com.iflytek.msp.cpdb.lfasr.worker.UploadWorker.upload(UploadWorker.java:81)
	at com.iflytek.msp.cpdb.lfasr.client.LfasrClientImp.lfasrUpload(LfasrClientImp.java:181)
	at com.iflytek.msp.lfasr.TestLfasr.main(TestLfasr.java:50)
2017-09-01 22:19:51 [ERROR] com.iflytek.msp.cpdb.lfasr.worker.UploadWorker.upload(UploadWorker.java:93) - [COMPENT]-CLIENT [PROCESS]-UploadWorker [ID]-null [STATUS]- [MEASURE]-(-1) ms [DEF]-prepare error:HTTP请求失败!
2017-09-01 22:23:32 [ERROR] com.iflytek.msp.cpdb.lfasr.http.HttpUtil.post(HttpUtil.java:51) - [COMPENT]-CLIENT [PROCESS]-HttpUtil [ID]- [STATUS]- [MEASURE]-(-1) ms [DEF]-http post request error
java.net.SocketException: Connection reset
	at java.net.SocketInputStream.read(SocketInputStream.java:209)
	at java.net.SocketInputStream.read(SocketInputStream.java:141)
	at org.apache.http.impl.io.SessionInputBufferImpl.streamRead(SessionInputBufferImpl.java:139)
	at org.apache.http.impl.io.SessionInputBufferImpl.fillBuffer(SessionInputBufferImpl.java:155)
	at org.apache.http.impl.io.SessionInputBufferImpl.readLine(SessionInputBufferImpl.java:284)
	at org.apache.http.impl.conn.DefaultHttpResponseParser.parseHead(DefaultHttpResponseParser.java:140)
	at org.apache.http.impl.conn.DefaultHttpResponseParser.parseHead(DefaultHttpResponseParser.java:57)
	at org.apache.http.impl.io.AbstractMessageParser.parse(AbstractMessageParser.java:261)
	at org.apache.http.impl.DefaultBHttpClientConnection.receiveResponseHeader(DefaultBHttpClientConnection.java:165)
	at org.apache.http.impl.conn.CPoolProxy.receiveResponseHeader(CPoolProxy.java:167)
	at org.apache.http.protocol.HttpRequestExecutor.doReceiveResponse(HttpRequestExecutor.java:272)
	at org.apache.http.protocol.HttpRequestExecutor.execute(HttpRequestExecutor.java:124)
	at org.apache.http.impl.execchain.MainClientExec.execute(MainClientExec.java:271)
	at org.apache.http.impl.execchain.ProtocolExec.execute(ProtocolExec.java:184)
	at org.apache.http.impl.execchain.RetryExec.execute(RetryExec.java:88)
	at org.apache.http.impl.execchain.RedirectExec.execute(RedirectExec.java:110)
	at org.apache.http.impl.client.InternalHttpClient.doExecute(InternalHttpClient.java:184)
	at org.apache.http.impl.client.CloseableHttpClient.execute(CloseableHttpClient.java:82)
	at org.apache.http.impl.client.CloseableHttpClient.execute(CloseableHttpClient.java:107)
	at com.iflytek.msp.cpdb.lfasr.http.HttpUtil.post(HttpUtil.java:48)
	at com.iflytek.msp.cpdb.lfasr.worker.HttpWorker.prepare(HttpWorker.java:46)
	at com.iflytek.msp.cpdb.lfasr.worker.UploadWorker.upload(UploadWorker.java:81)
	at com.iflytek.msp.cpdb.lfasr.client.LfasrClientImp.lfasrUpload(LfasrClientImp.java:181)
	at com.iflytek.msp.lfasr.TestLfasr.main(TestLfasr.java:50)
2017-09-01 22:23:32 [ERROR] com.iflytek.msp.cpdb.lfasr.worker.UploadWorker.upload(UploadWorker.java:93) - [COMPENT]-CLIENT [PROCESS]-UploadWorker [ID]-null [STATUS]- [MEASURE]-(-1) ms [DEF]-prepare error:HTTP请求失败!
2017-09-01 22:24:08 [ERROR] com.iflytek.msp.cpdb.lfasr.http.HttpUtil.post(HttpUtil.java:51) - [COMPENT]-CLIENT [PROCESS]-HttpUtil [ID]- [STATUS]- [MEASURE]-(-1) ms [DEF]-http post request error
java.net.SocketException: Connection reset
	at java.net.SocketInputStream.read(SocketInputStream.java:209)
	at java.net.SocketInputStream.read(SocketInputStream.java:141)
	at org.apache.http.impl.io.SessionInputBufferImpl.streamRead(SessionInputBufferImpl.java:139)
	at org.apache.http.impl.io.SessionInputBufferImpl.fillBuffer(SessionInputBufferImpl.java:155)
	at org.apache.http.impl.io.SessionInputBufferImpl.readLine(SessionInputBufferImpl.java:284)
	at org.apache.http.impl.conn.DefaultHttpResponseParser.parseHead(DefaultHttpResponseParser.java:140)
	at org.apache.http.impl.conn.DefaultHttpResponseParser.parseHead(DefaultHttpResponseParser.java:57)
	at org.apache.http.impl.io.AbstractMessageParser.parse(AbstractMessageParser.java:261)
	at org.apache.http.impl.DefaultBHttpClientConnection.receiveResponseHeader(DefaultBHttpClientConnection.java:165)
	at org.apache.http.impl.conn.CPoolProxy.receiveResponseHeader(CPoolProxy.java:167)
	at org.apache.http.protocol.HttpRequestExecutor.doReceiveResponse(HttpRequestExecutor.java:272)
	at org.apache.http.protocol.HttpRequestExecutor.execute(HttpRequestExecutor.java:124)
	at org.apache.http.impl.execchain.MainClientExec.execute(MainClientExec.java:271)
	at org.apache.http.impl.execchain.ProtocolExec.execute(ProtocolExec.java:184)
	at org.apache.http.impl.execchain.RetryExec.execute(RetryExec.java:88)
	at org.apache.http.impl.execchain.RedirectExec.execute(RedirectExec.java:110)
	at org.apache.http.impl.client.InternalHttpClient.doExecute(InternalHttpClient.java:184)
	at org.apache.http.impl.client.CloseableHttpClient.execute(CloseableHttpClient.java:82)
	at org.apache.http.impl.client.CloseableHttpClient.execute(CloseableHttpClient.java:107)
	at com.iflytek.msp.cpdb.lfasr.http.HttpUtil.post(HttpUtil.java:48)
	at com.iflytek.msp.cpdb.lfasr.worker.HttpWorker.getProgress(HttpWorker.java:93)
	at com.iflytek.msp.cpdb.lfasr.client.LfasrClientImp.lfasrGetProgress(LfasrClientImp.java:224)
	at com.iflytek.msp.lfasr.TestLfasr.main(TestLfasr.java:71)
2017-09-01 22:24:45 [ERROR] com.iflytek.msp.cpdb.lfasr.http.HttpUtil.post(HttpUtil.java:51) - [COMPENT]-CLIENT [PROCESS]-HttpUtil [ID]- [STATUS]- [MEASURE]-(-1) ms [DEF]-http post request error
java.net.SocketException: Connection reset
	at java.net.SocketInputStream.read(SocketInputStream.java:209)
	at java.net.SocketInputStream.read(SocketInputStream.java:141)
	at org.apache.http.impl.io.SessionInputBufferImpl.streamRead(SessionInputBufferImpl.java:139)
	at org.apache.http.impl.io.SessionInputBufferImpl.fillBuffer(SessionInputBufferImpl.java:155)
	at org.apache.http.impl.io.SessionInputBufferImpl.readLine(SessionInputBufferImpl.java:284)
	at org.apache.http.impl.conn.DefaultHttpResponseParser.parseHead(DefaultHttpResponseParser.java:140)
	at org.apache.http.impl.conn.DefaultHttpResponseParser.parseHead(DefaultHttpResponseParser.java:57)
	at org.apache.http.impl.io.AbstractMessageParser.parse(AbstractMessageParser.java:261)
	at org.apache.http.impl.DefaultBHttpClientConnection.receiveResponseHeader(DefaultBHttpClientConnection.java:165)
	at org.apache.http.impl.conn.CPoolProxy.receiveResponseHeader(CPoolProxy.java:167)
	at org.apache.http.protocol.HttpRequestExecutor.doReceiveResponse(HttpRequestExecutor.java:272)
	at org.apache.http.protocol.HttpRequestExecutor.execute(HttpRequestExecutor.java:124)
	at org.apache.http.impl.execchain.MainClientExec.execute(MainClientExec.java:271)
	at org.apache.http.impl.execchain.ProtocolExec.execute(ProtocolExec.java:184)
	at org.apache.http.impl.execchain.RetryExec.execute(RetryExec.java:88)
	at org.apache.http.impl.execchain.RedirectExec.execute(RedirectExec.java:110)
	at org.apache.http.impl.client.InternalHttpClient.doExecute(InternalHttpClient.java:184)
	at org.apache.http.impl.client.CloseableHttpClient.execute(CloseableHttpClient.java:82)
	at org.apache.http.impl.client.CloseableHttpClient.execute(CloseableHttpClient.java:107)
	at com.iflytek.msp.cpdb.lfasr.http.HttpUtil.post(HttpUtil.java:48)
	at com.iflytek.msp.cpdb.lfasr.worker.HttpWorker.getProgress(HttpWorker.java:93)
	at com.iflytek.msp.cpdb.lfasr.client.LfasrClientImp.lfasrGetProgress(LfasrClientImp.java:224)
	at com.iflytek.msp.lfasr.TestLfasr.main(TestLfasr.java:71)
2017-09-01 22:26:30 [ERROR] com.iflytek.msp.cpdb.lfasr.http.HttpUtil.post(HttpUtil.java:51) - [COMPENT]-CLIENT [PROCESS]-HttpUtil [ID]- [STATUS]- [MEASURE]-(-1) ms [DEF]-http post request error
java.net.SocketException: Connection reset
	at java.net.SocketInputStream.read(SocketInputStream.java:209)
	at java.net.SocketInputStream.read(SocketInputStream.java:141)
	at org.apache.http.impl.io.SessionInputBufferImpl.streamRead(SessionInputBufferImpl.java:139)
	at org.apache.http.impl.io.SessionInputBufferImpl.fillBuffer(SessionInputBufferImpl.java:155)
	at org.apache.http.impl.io.SessionInputBufferImpl.readLine(SessionInputBufferImpl.java:284)
	at org.apache.http.impl.conn.DefaultHttpResponseParser.parseHead(DefaultHttpResponseParser.java:140)
	at org.apache.http.impl.conn.DefaultHttpResponseParser.parseHead(DefaultHttpResponseParser.java:57)
	at org.apache.http.impl.io.AbstractMessageParser.parse(AbstractMessageParser.java:261)
	at org.apache.http.impl.DefaultBHttpClientConnection.receiveResponseHeader(DefaultBHttpClientConnection.java:165)
	at org.apache.http.impl.conn.CPoolProxy.receiveResponseHeader(CPoolProxy.java:167)
	at org.apache.http.protocol.HttpRequestExecutor.doReceiveResponse(HttpRequestExecutor.java:272)
	at org.apache.http.protocol.HttpRequestExecutor.execute(HttpRequestExecutor.java:124)
	at org.apache.http.impl.execchain.MainClientExec.execute(MainClientExec.java:271)
	at org.apache.http.impl.execchain.ProtocolExec.execute(ProtocolExec.java:184)
	at org.apache.http.impl.execchain.RetryExec.execute(RetryExec.java:88)
	at org.apache.http.impl.execchain.RedirectExec.execute(RedirectExec.java:110)
	at org.apache.http.impl.client.InternalHttpClient.doExecute(InternalHttpClient.java:184)
	at org.apache.http.impl.client.CloseableHttpClient.execute(CloseableHttpClient.java:82)
	at org.apache.http.impl.client.CloseableHttpClient.execute(CloseableHttpClient.java:107)
	at com.iflytek.msp.cpdb.lfasr.http.HttpUtil.post(HttpUtil.java:48)
	at com.iflytek.msp.cpdb.lfasr.worker.HttpWorker.prepare(HttpWorker.java:46)
	at com.iflytek.msp.cpdb.lfasr.worker.UploadWorker.upload(UploadWorker.java:81)
	at com.iflytek.msp.cpdb.lfasr.client.LfasrClientImp.lfasrUpload(LfasrClientImp.java:181)
	at com.iflytek.msp.lfasr.TestLfasr.main(TestLfasr.java:50)
2017-09-01 22:26:31 [ERROR] com.iflytek.msp.cpdb.lfasr.worker.UploadWorker.upload(UploadWorker.java:93) - [COMPENT]-CLIENT [PROCESS]-UploadWorker [ID]-null [STATUS]- [MEASURE]-(-1) ms [DEF]-prepare error:HTTP请求失败!
2017-09-01 22:29:29 [ERROR] com.iflytek.msp.lfasr.TestLfasr.main(TestLfasr.java:33) - Jerry check whether log configuration file works
2017-09-01 22:29:42 [ERROR] com.iflytek.msp.cpdb.lfasr.http.HttpUtil.post(HttpUtil.java:51) - [COMPENT]-CLIENT [PROCESS]-HttpUtil [ID]- [STATUS]- [MEASURE]-(-1) ms [DEF]-http post request error
java.net.SocketException: Connection reset
	at java.net.SocketInputStream.read(SocketInputStream.java:209)
	at java.net.SocketInputStream.read(SocketInputStream.java:141)
	at org.apache.http.impl.io.SessionInputBufferImpl.streamRead(SessionInputBufferImpl.java:139)
	at org.apache.http.impl.io.SessionInputBufferImpl.fillBuffer(SessionInputBufferImpl.java:155)
	at org.apache.http.impl.io.SessionInputBufferImpl.readLine(SessionInputBufferImpl.java:284)
	at org.apache.http.impl.conn.DefaultHttpResponseParser.parseHead(DefaultHttpResponseParser.java:140)
	at org.apache.http.impl.conn.DefaultHttpResponseParser.parseHead(DefaultHttpResponseParser.java:57)
	at org.apache.http.impl.io.AbstractMessageParser.parse(AbstractMessageParser.java:261)
	at org.apache.http.impl.DefaultBHttpClientConnection.receiveResponseHeader(DefaultBHttpClientConnection.java:165)
	at org.apache.http.impl.conn.CPoolProxy.receiveResponseHeader(CPoolProxy.java:167)
	at org.apache.http.protocol.HttpRequestExecutor.doReceiveResponse(HttpRequestExecutor.java:272)
	at org.apache.http.protocol.HttpRequestExecutor.execute(HttpRequestExecutor.java:124)
	at org.apache.http.impl.execchain.MainClientExec.execute(MainClientExec.java:271)
	at org.apache.http.impl.execchain.ProtocolExec.execute(ProtocolExec.java:184)
	at org.apache.http.impl.execchain.RetryExec.execute(RetryExec.java:88)
	at org.apache.http.impl.execchain.RedirectExec.execute(RedirectExec.java:110)
	at org.apache.http.impl.client.InternalHttpClient.doExecute(InternalHttpClient.java:184)
	at org.apache.http.impl.client.CloseableHttpClient.execute(CloseableHttpClient.java:82)
	at org.apache.http.impl.client.CloseableHttpClient.execute(CloseableHttpClient.java:107)
	at com.iflytek.msp.cpdb.lfasr.http.HttpUtil.post(HttpUtil.java:48)
	at com.iflytek.msp.cpdb.lfasr.worker.HttpWorker.prepare(HttpWorker.java:46)
	at com.iflytek.msp.cpdb.lfasr.worker.UploadWorker.upload(UploadWorker.java:81)
	at com.iflytek.msp.cpdb.lfasr.client.LfasrClientImp.lfasrUpload(LfasrClientImp.java:181)
	at com.iflytek.msp.lfasr.TestLfasr.main(TestLfasr.java:53)
2017-09-01 22:29:42 [ERROR] com.iflytek.msp.cpdb.lfasr.worker.UploadWorker.upload(UploadWorker.java:93) - [COMPENT]-CLIENT [PROCESS]-UploadWorker [ID]-null [STATUS]- [MEASURE]-(-1) ms [DEF]-prepare error:HTTP请求失败!
2017-09-01 22:30:15 [ERROR] com.iflytek.msp.cpdb.lfasr.http.HttpUtil.post(HttpUtil.java:51) - [COMPENT]-CLIENT [PROCESS]-HttpUtil [ID]- [STATUS]- [MEASURE]-(-1) ms [DEF]-http post request error
java.net.SocketException: Connection reset
	at java.net.SocketInputStream.read(SocketInputStream.java:209)
	at java.net.SocketInputStream.read(SocketInputStream.java:141)
	at org.apache.http.impl.io.SessionInputBufferImpl.streamRead(SessionInputBufferImpl.java:139)
	at org.apache.http.impl.io.SessionInputBufferImpl.fillBuffer(SessionInputBufferImpl.java:155)
	at org.apache.http.impl.io.SessionInputBufferImpl.readLine(SessionInputBufferImpl.java:284)
	at org.apache.http.impl.conn.DefaultHttpResponseParser.parseHead(DefaultHttpResponseParser.java:140)
	at org.apache.http.impl.conn.DefaultHttpResponseParser.parseHead(DefaultHttpResponseParser.java:57)
	at org.apache.http.impl.io.AbstractMessageParser.parse(AbstractMessageParser.java:261)
	at org.apache.http.impl.DefaultBHttpClientConnection.receiveResponseHeader(DefaultBHttpClientConnection.java:165)
	at org.apache.http.impl.conn.CPoolProxy.receiveResponseHeader(CPoolProxy.java:167)
	at org.apache.http.protocol.HttpRequestExecutor.doReceiveResponse(HttpRequestExecutor.java:272)
	at org.apache.http.protocol.HttpRequestExecutor.execute(HttpRequestExecutor.java:124)
	at org.apache.http.impl.execchain.MainClientExec.execute(MainClientExec.java:271)
	at org.apache.http.impl.execchain.ProtocolExec.execute(ProtocolExec.java:184)
	at org.apache.http.impl.execchain.RetryExec.execute(RetryExec.java:88)
	at org.apache.http.impl.execchain.RedirectExec.execute(RedirectExec.java:110)
	at org.apache.http.impl.client.InternalHttpClient.doExecute(InternalHttpClient.java:184)
	at org.apache.http.impl.client.CloseableHttpClient.execute(CloseableHttpClient.java:82)
	at org.apache.http.impl.client.CloseableHttpClient.execute(CloseableHttpClient.java:107)
	at com.iflytek.msp.cpdb.lfasr.http.HttpUtil.post(HttpUtil.java:48)
	at com.iflytek.msp.cpdb.lfasr.worker.HttpWorker.getProgress(HttpWorker.java:93)
	at com.iflytek.msp.cpdb.lfasr.client.LfasrClientImp.lfasrGetProgress(LfasrClientImp.java:224)
	at com.iflytek.msp.lfasr.TestLfasr.main(TestLfasr.java:74)
2017-09-01 22:30:47 [ERROR] com.iflytek.msp.cpdb.lfasr.http.HttpUtil.post(HttpUtil.java:51) - [COMPENT]-CLIENT [PROCESS]-HttpUtil [ID]- [STATUS]- [MEASURE]-(-1) ms [DEF]-http post request error
java.net.SocketException: Connection reset
	at java.net.SocketInputStream.read(SocketInputStream.java:209)
	at java.net.SocketInputStream.read(SocketInputStream.java:141)
	at org.apache.http.impl.io.SessionInputBufferImpl.streamRead(SessionInputBufferImpl.java:139)
	at org.apache.http.impl.io.SessionInputBufferImpl.fillBuffer(SessionInputBufferImpl.java:155)
	at org.apache.http.impl.io.SessionInputBufferImpl.readLine(SessionInputBufferImpl.java:284)
	at org.apache.http.impl.conn.DefaultHttpResponseParser.parseHead(DefaultHttpResponseParser.java:140)
	at org.apache.http.impl.conn.DefaultHttpResponseParser.parseHead(DefaultHttpResponseParser.java:57)
	at org.apache.http.impl.io.AbstractMessageParser.parse(AbstractMessageParser.java:261)
	at org.apache.http.impl.DefaultBHttpClientConnection.receiveResponseHeader(DefaultBHttpClientConnection.java:165)
	at org.apache.http.impl.conn.CPoolProxy.receiveResponseHeader(CPoolProxy.java:167)
	at org.apache.http.protocol.HttpRequestExecutor.doReceiveResponse(HttpRequestExecutor.java:272)
	at org.apache.http.protocol.HttpRequestExecutor.execute(HttpRequestExecutor.java:124)
	at org.apache.http.impl.execchain.MainClientExec.execute(MainClientExec.java:271)
	at org.apache.http.impl.execchain.ProtocolExec.execute(ProtocolExec.java:184)
	at org.apache.http.impl.execchain.RetryExec.execute(RetryExec.java:88)
	at org.apache.http.impl.execchain.RedirectExec.execute(RedirectExec.java:110)
	at org.apache.http.impl.client.InternalHttpClient.doExecute(InternalHttpClient.java:184)
	at org.apache.http.impl.client.CloseableHttpClient.execute(CloseableHttpClient.java:82)
	at org.apache.http.impl.client.CloseableHttpClient.execute(CloseableHttpClient.java:107)
	at com.iflytek.msp.cpdb.lfasr.http.HttpUtil.post(HttpUtil.java:48)
	at com.iflytek.msp.cpdb.lfasr.worker.HttpWorker.getProgress(HttpWorker.java:93)
	at com.iflytek.msp.cpdb.lfasr.client.LfasrClientImp.lfasrGetProgress(LfasrClientImp.java:224)
	at com.iflytek.msp.lfasr.TestLfasr.main(TestLfasr.java:74)
2017-09-01 22:31:19 [ERROR] com.iflytek.msp.cpdb.lfasr.http.HttpUtil.post(HttpUtil.java:51) - [COMPENT]-CLIENT [PROCESS]-HttpUtil [ID]- [STATUS]- [MEASURE]-(-1) ms [DEF]-http post request error
java.net.SocketException: Connection reset
	at java.net.SocketInputStream.read(SocketInputStream.java:209)
	at java.net.SocketInputStream.read(SocketInputStream.java:141)
	at org.apache.http.impl.io.SessionInputBufferImpl.streamRead(SessionInputBufferImpl.java:139)
	at org.apache.http.impl.io.SessionInputBufferImpl.fillBuffer(SessionInputBufferImpl.java:155)
	at org.apache.http.impl.io.SessionInputBufferImpl.readLine(SessionInputBufferImpl.java:284)
	at org.apache.http.impl.conn.DefaultHttpResponseParser.parseHead(DefaultHttpResponseParser.java:140)
	at org.apache.http.impl.conn.DefaultHttpResponseParser.parseHead(DefaultHttpResponseParser.java:57)
	at org.apache.http.impl.io.AbstractMessageParser.parse(AbstractMessageParser.java:261)
	at org.apache.http.impl.DefaultBHttpClientConnection.receiveResponseHeader(DefaultBHttpClientConnection.java:165)
	at org.apache.http.impl.conn.CPoolProxy.receiveResponseHeader(CPoolProxy.java:167)
	at org.apache.http.protocol.HttpRequestExecutor.doReceiveResponse(HttpRequestExecutor.java:272)
	at org.apache.http.protocol.HttpRequestExecutor.execute(HttpRequestExecutor.java:124)
	at org.apache.http.impl.execchain.MainClientExec.execute(MainClientExec.java:271)
	at org.apache.http.impl.execchain.ProtocolExec.execute(ProtocolExec.java:184)
	at org.apache.http.impl.execchain.RetryExec.execute(RetryExec.java:88)
	at org.apache.http.impl.execchain.RedirectExec.execute(RedirectExec.java:110)
	at org.apache.http.impl.client.InternalHttpClient.doExecute(InternalHttpClient.java:184)
	at org.apache.http.impl.client.CloseableHttpClient.execute(CloseableHttpClient.java:82)
	at org.apache.http.impl.client.CloseableHttpClient.execute(CloseableHttpClient.java:107)
	at com.iflytek.msp.cpdb.lfasr.http.HttpUtil.post(HttpUtil.java:48)
	at com.iflytek.msp.cpdb.lfasr.worker.HttpWorker.getProgress(HttpWorker.java:93)
	at com.iflytek.msp.cpdb.lfasr.client.LfasrClientImp.lfasrGetProgress(LfasrClientImp.java:224)
	at com.iflytek.msp.lfasr.TestLfasr.main(TestLfasr.java:74)
2017-09-01 22:31:51 [ERROR] com.iflytek.msp.cpdb.lfasr.http.HttpUtil.post(HttpUtil.java:51) - [COMPENT]-CLIENT [PROCESS]-HttpUtil [ID]- [STATUS]- [MEASURE]-(-1) ms [DEF]-http post request error
java.net.SocketException: Connection reset
	at java.net.SocketInputStream.read(SocketInputStream.java:209)
	at java.net.SocketInputStream.read(SocketInputStream.java:141)
	at org.apache.http.impl.io.SessionInputBufferImpl.streamRead(SessionInputBufferImpl.java:139)
	at org.apache.http.impl.io.SessionInputBufferImpl.fillBuffer(SessionInputBufferImpl.java:155)
	at org.apache.http.impl.io.SessionInputBufferImpl.readLine(SessionInputBufferImpl.java:284)
	at org.apache.http.impl.conn.DefaultHttpResponseParser.parseHead(DefaultHttpResponseParser.java:140)
	at org.apache.http.impl.conn.DefaultHttpResponseParser.parseHead(DefaultHttpResponseParser.java:57)
	at org.apache.http.impl.io.AbstractMessageParser.parse(AbstractMessageParser.java:261)
	at org.apache.http.impl.DefaultBHttpClientConnection.receiveResponseHeader(DefaultBHttpClientConnection.java:165)
	at org.apache.http.impl.conn.CPoolProxy.receiveResponseHeader(CPoolProxy.java:167)
	at org.apache.http.protocol.HttpRequestExecutor.doReceiveResponse(HttpRequestExecutor.java:272)
	at org.apache.http.protocol.HttpRequestExecutor.execute(HttpRequestExecutor.java:124)
	at org.apache.http.impl.execchain.MainClientExec.execute(MainClientExec.java:271)
	at org.apache.http.impl.execchain.ProtocolExec.execute(ProtocolExec.java:184)
	at org.apache.http.impl.execchain.RetryExec.execute(RetryExec.java:88)
	at org.apache.http.impl.execchain.RedirectExec.execute(RedirectExec.java:110)
	at org.apache.http.impl.client.InternalHttpClient.doExecute(InternalHttpClient.java:184)
	at org.apache.http.impl.client.CloseableHttpClient.execute(CloseableHttpClient.java:82)
	at org.apache.http.impl.client.CloseableHttpClient.execute(CloseableHttpClient.java:107)
	at com.iflytek.msp.cpdb.lfasr.http.HttpUtil.post(HttpUtil.java:48)
	at com.iflytek.msp.cpdb.lfasr.worker.HttpWorker.getProgress(HttpWorker.java:93)
	at com.iflytek.msp.cpdb.lfasr.client.LfasrClientImp.lfasrGetProgress(LfasrClientImp.java:224)
	at com.iflytek.msp.lfasr.TestLfasr.main(TestLfasr.java:74)
2017-09-01 22:32:29 [ERROR] com.iflytek.msp.cpdb.lfasr.http.HttpUtil.post(HttpUtil.java:51) - [COMPENT]-CLIENT [PROCESS]-HttpUtil [ID]- [STATUS]- [MEASURE]-(-1) ms [DEF]-http post request error
java.net.SocketException: Connection reset
	at java.net.SocketInputStream.read(SocketInputStream.java:209)
	at java.net.SocketInputStream.read(SocketInputStream.java:141)
	at org.apache.http.impl.io.SessionInputBufferImpl.streamRead(SessionInputBufferImpl.java:139)
	at org.apache.http.impl.io.SessionInputBufferImpl.fillBuffer(SessionInputBufferImpl.java:155)
	at org.apache.http.impl.io.SessionInputBufferImpl.readLine(SessionInputBufferImpl.java:284)
	at org.apache.http.impl.conn.DefaultHttpResponseParser.parseHead(DefaultHttpResponseParser.java:140)
	at org.apache.http.impl.conn.DefaultHttpResponseParser.parseHead(DefaultHttpResponseParser.java:57)
	at org.apache.http.impl.io.AbstractMessageParser.parse(AbstractMessageParser.java:261)
	at org.apache.http.impl.DefaultBHttpClientConnection.receiveResponseHeader(DefaultBHttpClientConnection.java:165)
	at org.apache.http.impl.conn.CPoolProxy.receiveResponseHeader(CPoolProxy.java:167)
	at org.apache.http.protocol.HttpRequestExecutor.doReceiveResponse(HttpRequestExecutor.java:272)
	at org.apache.http.protocol.HttpRequestExecutor.execute(HttpRequestExecutor.java:124)
	at org.apache.http.impl.execchain.MainClientExec.execute(MainClientExec.java:271)
	at org.apache.http.impl.execchain.ProtocolExec.execute(ProtocolExec.java:184)
	at org.apache.http.impl.execchain.RetryExec.execute(RetryExec.java:88)
	at org.apache.http.impl.execchain.RedirectExec.execute(RedirectExec.java:110)
	at org.apache.http.impl.client.InternalHttpClient.doExecute(InternalHttpClient.java:184)
	at org.apache.http.impl.client.CloseableHttpClient.execute(CloseableHttpClient.java:82)
	at org.apache.http.impl.client.CloseableHttpClient.execute(CloseableHttpClient.java:107)
	at com.iflytek.msp.cpdb.lfasr.http.HttpUtil.post(HttpUtil.java:48)
	at com.iflytek.msp.cpdb.lfasr.worker.HttpWorker.getProgress(HttpWorker.java:93)
	at com.iflytek.msp.cpdb.lfasr.client.LfasrClientImp.lfasrGetProgress(LfasrClientImp.java:224)
	at com.iflytek.msp.lfasr.TestLfasr.main(TestLfasr.java:74)
2017-09-01 22:32:33 [ERROR] com.iflytek.msp.lfasr.TestLfasr.main(TestLfasr.java:33) - Jerry check whether log configuration file works
2017-09-01 22:33:01 [ERROR] com.iflytek.msp.cpdb.lfasr.http.HttpUtil.post(HttpUtil.java:51) - [COMPENT]-CLIENT [PROCESS]-HttpUtil [ID]- [STATUS]- [MEASURE]-(-1) ms [DEF]-http post request error
java.net.SocketException: Connection reset
	at java.net.SocketInputStream.read(SocketInputStream.java:209)
	at java.net.SocketInputStream.read(SocketInputStream.java:141)
	at org.apache.http.impl.io.SessionInputBufferImpl.streamRead(SessionInputBufferImpl.java:139)
	at org.apache.http.impl.io.SessionInputBufferImpl.fillBuffer(SessionInputBufferImpl.java:155)
	at org.apache.http.impl.io.SessionInputBufferImpl.readLine(SessionInputBufferImpl.java:284)
	at org.apache.http.impl.conn.DefaultHttpResponseParser.parseHead(DefaultHttpResponseParser.java:140)
	at org.apache.http.impl.conn.DefaultHttpResponseParser.parseHead(DefaultHttpResponseParser.java:57)
	at org.apache.http.impl.io.AbstractMessageParser.parse(AbstractMessageParser.java:261)
	at org.apache.http.impl.DefaultBHttpClientConnection.receiveResponseHeader(DefaultBHttpClientConnection.java:165)
	at org.apache.http.impl.conn.CPoolProxy.receiveResponseHeader(CPoolProxy.java:167)
	at org.apache.http.protocol.HttpRequestExecutor.doReceiveResponse(HttpRequestExecutor.java:272)
	at org.apache.http.protocol.HttpRequestExecutor.execute(HttpRequestExecutor.java:124)
	at org.apache.http.impl.execchain.MainClientExec.execute(MainClientExec.java:271)
	at org.apache.http.impl.execchain.ProtocolExec.execute(ProtocolExec.java:184)
	at org.apache.http.impl.execchain.RetryExec.execute(RetryExec.java:88)
	at org.apache.http.impl.execchain.RedirectExec.execute(RedirectExec.java:110)
	at org.apache.http.impl.client.InternalHttpClient.doExecute(InternalHttpClient.java:184)
	at org.apache.http.impl.client.CloseableHttpClient.execute(CloseableHttpClient.java:82)
	at org.apache.http.impl.client.CloseableHttpClient.execute(CloseableHttpClient.java:107)
	at com.iflytek.msp.cpdb.lfasr.http.HttpUtil.post(HttpUtil.java:48)
	at com.iflytek.msp.cpdb.lfasr.worker.HttpWorker.getProgress(HttpWorker.java:93)
	at com.iflytek.msp.cpdb.lfasr.client.LfasrClientImp.lfasrGetProgress(LfasrClientImp.java:224)
	at com.iflytek.msp.lfasr.TestLfasr.main(TestLfasr.java:74)
2017-09-01 22:33:33 [ERROR] com.iflytek.msp.cpdb.lfasr.http.HttpUtil.post(HttpUtil.java:51) - [COMPENT]-CLIENT [PROCESS]-HttpUtil [ID]- [STATUS]- [MEASURE]-(-1) ms [DEF]-http post request error
java.net.SocketException: Connection reset
	at java.net.SocketInputStream.read(SocketInputStream.java:209)
	at java.net.SocketInputStream.read(SocketInputStream.java:141)
	at org.apache.http.impl.io.SessionInputBufferImpl.streamRead(SessionInputBufferImpl.java:139)
	at org.apache.http.impl.io.SessionInputBufferImpl.fillBuffer(SessionInputBufferImpl.java:155)
	at org.apache.http.impl.io.SessionInputBufferImpl.readLine(SessionInputBufferImpl.java:284)
	at org.apache.http.impl.conn.DefaultHttpResponseParser.parseHead(DefaultHttpResponseParser.java:140)
	at org.apache.http.impl.conn.DefaultHttpResponseParser.parseHead(DefaultHttpResponseParser.java:57)
	at org.apache.http.impl.io.AbstractMessageParser.parse(AbstractMessageParser.java:261)
	at org.apache.http.impl.DefaultBHttpClientConnection.receiveResponseHeader(DefaultBHttpClientConnection.java:165)
	at org.apache.http.impl.conn.CPoolProxy.receiveResponseHeader(CPoolProxy.java:167)
	at org.apache.http.protocol.HttpRequestExecutor.doReceiveResponse(HttpRequestExecutor.java:272)
	at org.apache.http.protocol.HttpRequestExecutor.execute(HttpRequestExecutor.java:124)
	at org.apache.http.impl.execchain.MainClientExec.execute(MainClientExec.java:271)
	at org.apache.http.impl.execchain.ProtocolExec.execute(ProtocolExec.java:184)
	at org.apache.http.impl.execchain.RetryExec.execute(RetryExec.java:88)
	at org.apache.http.impl.execchain.RedirectExec.execute(RedirectExec.java:110)
	at org.apache.http.impl.client.InternalHttpClient.doExecute(InternalHttpClient.java:184)
	at org.apache.http.impl.client.CloseableHttpClient.execute(CloseableHttpClient.java:82)
	at org.apache.http.impl.client.CloseableHttpClient.execute(CloseableHttpClient.java:107)
	at com.iflytek.msp.cpdb.lfasr.http.HttpUtil.post(HttpUtil.java:48)
	at com.iflytek.msp.cpdb.lfasr.worker.HttpWorker.getProgress(HttpWorker.java:93)
	at com.iflytek.msp.cpdb.lfasr.client.LfasrClientImp.lfasrGetProgress(LfasrClientImp.java:224)
	at com.iflytek.msp.lfasr.TestLfasr.main(TestLfasr.java:74)
2017-09-01 22:34:06 [ERROR] com.iflytek.msp.cpdb.lfasr.http.HttpUtil.post(HttpUtil.java:51) - [COMPENT]-CLIENT [PROCESS]-HttpUtil [ID]- [STATUS]- [MEASURE]-(-1) ms [DEF]-http post request error
java.net.SocketException: Connection reset
	at java.net.SocketInputStream.read(SocketInputStream.java:209)
	at java.net.SocketInputStream.read(SocketInputStream.java:141)
	at org.apache.http.impl.io.SessionInputBufferImpl.streamRead(SessionInputBufferImpl.java:139)
	at org.apache.http.impl.io.SessionInputBufferImpl.fillBuffer(SessionInputBufferImpl.java:155)
	at org.apache.http.impl.io.SessionInputBufferImpl.readLine(SessionInputBufferImpl.java:284)
	at org.apache.http.impl.conn.DefaultHttpResponseParser.parseHead(DefaultHttpResponseParser.java:140)
	at org.apache.http.impl.conn.DefaultHttpResponseParser.parseHead(DefaultHttpResponseParser.java:57)
	at org.apache.http.impl.io.AbstractMessageParser.parse(AbstractMessageParser.java:261)
	at org.apache.http.impl.DefaultBHttpClientConnection.receiveResponseHeader(DefaultBHttpClientConnection.java:165)
	at org.apache.http.impl.conn.CPoolProxy.receiveResponseHeader(CPoolProxy.java:167)
	at org.apache.http.protocol.HttpRequestExecutor.doReceiveResponse(HttpRequestExecutor.java:272)
	at org.apache.http.protocol.HttpRequestExecutor.execute(HttpRequestExecutor.java:124)
	at org.apache.http.impl.execchain.MainClientExec.execute(MainClientExec.java:271)
	at org.apache.http.impl.execchain.ProtocolExec.execute(ProtocolExec.java:184)
	at org.apache.http.impl.execchain.RetryExec.execute(RetryExec.java:88)
	at org.apache.http.impl.execchain.RedirectExec.execute(RedirectExec.java:110)
	at org.apache.http.impl.client.InternalHttpClient.doExecute(InternalHttpClient.java:184)
	at org.apache.http.impl.client.CloseableHttpClient.execute(CloseableHttpClient.java:82)
	at org.apache.http.impl.client.CloseableHttpClient.execute(CloseableHttpClient.java:107)
	at com.iflytek.msp.cpdb.lfasr.http.HttpUtil.post(HttpUtil.java:48)
	at com.iflytek.msp.cpdb.lfasr.worker.HttpWorker.getProgress(HttpWorker.java:93)
	at com.iflytek.msp.cpdb.lfasr.client.LfasrClientImp.lfasrGetProgress(LfasrClientImp.java:224)
	at com.iflytek.msp.lfasr.TestLfasr.main(TestLfasr.java:74)
2017-09-01 22:34:38 [ERROR] com.iflytek.msp.cpdb.lfasr.http.HttpUtil.post(HttpUtil.java:51) - [COMPENT]-CLIENT [PROCESS]-HttpUtil [ID]- [STATUS]- [MEASURE]-(-1) ms [DEF]-http post request error
java.net.SocketException: Connection reset
	at java.net.SocketInputStream.read(SocketInputStream.java:209)
	at java.net.SocketInputStream.read(SocketInputStream.java:141)
	at org.apache.http.impl.io.SessionInputBufferImpl.streamRead(SessionInputBufferImpl.java:139)
	at org.apache.http.impl.io.SessionInputBufferImpl.fillBuffer(SessionInputBufferImpl.java:155)
	at org.apache.http.impl.io.SessionInputBufferImpl.readLine(SessionInputBufferImpl.java:284)
	at org.apache.http.impl.conn.DefaultHttpResponseParser.parseHead(DefaultHttpResponseParser.java:140)
	at org.apache.http.impl.conn.DefaultHttpResponseParser.parseHead(DefaultHttpResponseParser.java:57)
	at org.apache.http.impl.io.AbstractMessageParser.parse(AbstractMessageParser.java:261)
	at org.apache.http.impl.DefaultBHttpClientConnection.receiveResponseHeader(DefaultBHttpClientConnection.java:165)
	at org.apache.http.impl.conn.CPoolProxy.receiveResponseHeader(CPoolProxy.java:167)
	at org.apache.http.protocol.HttpRequestExecutor.doReceiveResponse(HttpRequestExecutor.java:272)
	at org.apache.http.protocol.HttpRequestExecutor.execute(HttpRequestExecutor.java:124)
	at org.apache.http.impl.execchain.MainClientExec.execute(MainClientExec.java:271)
	at org.apache.http.impl.execchain.ProtocolExec.execute(ProtocolExec.java:184)
	at org.apache.http.impl.execchain.RetryExec.execute(RetryExec.java:88)
	at org.apache.http.impl.execchain.RedirectExec.execute(RedirectExec.java:110)
	at org.apache.http.impl.client.InternalHttpClient.doExecute(InternalHttpClient.java:184)
	at org.apache.http.impl.client.CloseableHttpClient.execute(CloseableHttpClient.java:82)
	at org.apache.http.impl.client.CloseableHttpClient.execute(CloseableHttpClient.java:107)
	at com.iflytek.msp.cpdb.lfasr.http.HttpUtil.post(HttpUtil.java:48)
	at com.iflytek.msp.cpdb.lfasr.worker.HttpWorker.getProgress(HttpWorker.java:93)
	at com.iflytek.msp.cpdb.lfasr.client.LfasrClientImp.lfasrGetProgress(LfasrClientImp.java:224)
	at com.iflytek.msp.lfasr.TestLfasr.main(TestLfasr.java:74)
2017-09-01 22:35:10 [ERROR] com.iflytek.msp.cpdb.lfasr.http.HttpUtil.post(HttpUtil.java:51) - [COMPENT]-CLIENT [PROCESS]-HttpUtil [ID]- [STATUS]- [MEASURE]-(-1) ms [DEF]-http post request error
java.net.SocketException: Connection reset
	at java.net.SocketInputStream.read(SocketInputStream.java:209)
	at java.net.SocketInputStream.read(SocketInputStream.java:141)
	at org.apache.http.impl.io.SessionInputBufferImpl.streamRead(SessionInputBufferImpl.java:139)
	at org.apache.http.impl.io.SessionInputBufferImpl.fillBuffer(SessionInputBufferImpl.java:155)
	at org.apache.http.impl.io.SessionInputBufferImpl.readLine(SessionInputBufferImpl.java:284)
	at org.apache.http.impl.conn.DefaultHttpResponseParser.parseHead(DefaultHttpResponseParser.java:140)
	at org.apache.http.impl.conn.DefaultHttpResponseParser.parseHead(DefaultHttpResponseParser.java:57)
	at org.apache.http.impl.io.AbstractMessageParser.parse(AbstractMessageParser.java:261)
	at org.apache.http.impl.DefaultBHttpClientConnection.receiveResponseHeader(DefaultBHttpClientConnection.java:165)
	at org.apache.http.impl.conn.CPoolProxy.receiveResponseHeader(CPoolProxy.java:167)
	at org.apache.http.protocol.HttpRequestExecutor.doReceiveResponse(HttpRequestExecutor.java:272)
	at org.apache.http.protocol.HttpRequestExecutor.execute(HttpRequestExecutor.java:124)
	at org.apache.http.impl.execchain.MainClientExec.execute(MainClientExec.java:271)
	at org.apache.http.impl.execchain.ProtocolExec.execute(ProtocolExec.java:184)
	at org.apache.http.impl.execchain.RetryExec.execute(RetryExec.java:88)
	at org.apache.http.impl.execchain.RedirectExec.execute(RedirectExec.java:110)
	at org.apache.http.impl.client.InternalHttpClient.doExecute(InternalHttpClient.java:184)
	at org.apache.http.impl.client.CloseableHttpClient.execute(CloseableHttpClient.java:82)
	at org.apache.http.impl.client.CloseableHttpClient.execute(CloseableHttpClient.java:107)
	at com.iflytek.msp.cpdb.lfasr.http.HttpUtil.post(HttpUtil.java:48)
	at com.iflytek.msp.cpdb.lfasr.worker.HttpWorker.getProgress(HttpWorker.java:93)
	at com.iflytek.msp.cpdb.lfasr.client.LfasrClientImp.lfasrGetProgress(LfasrClientImp.java:224)
	at com.iflytek.msp.lfasr.TestLfasr.main(TestLfasr.java:74)
2017-09-01 22:35:42 [ERROR] com.iflytek.msp.cpdb.lfasr.http.HttpUtil.post(HttpUtil.java:51) - [COMPENT]-CLIENT [PROCESS]-HttpUtil [ID]- [STATUS]- [MEASURE]-(-1) ms [DEF]-http post request error
java.net.SocketException: Connection reset
	at java.net.SocketInputStream.read(SocketInputStream.java:209)
	at java.net.SocketInputStream.read(SocketInputStream.java:141)
	at org.apache.http.impl.io.SessionInputBufferImpl.streamRead(SessionInputBufferImpl.java:139)
	at org.apache.http.impl.io.SessionInputBufferImpl.fillBuffer(SessionInputBufferImpl.java:155)
	at org.apache.http.impl.io.SessionInputBufferImpl.readLine(SessionInputBufferImpl.java:284)
	at org.apache.http.impl.conn.DefaultHttpResponseParser.parseHead(DefaultHttpResponseParser.java:140)
	at org.apache.http.impl.conn.DefaultHttpResponseParser.parseHead(DefaultHttpResponseParser.java:57)
	at org.apache.http.impl.io.AbstractMessageParser.parse(AbstractMessageParser.java:261)
	at org.apache.http.impl.DefaultBHttpClientConnection.receiveResponseHeader(DefaultBHttpClientConnection.java:165)
	at org.apache.http.impl.conn.CPoolProxy.receiveResponseHeader(CPoolProxy.java:167)
	at org.apache.http.protocol.HttpRequestExecutor.doReceiveResponse(HttpRequestExecutor.java:272)
	at org.apache.http.protocol.HttpRequestExecutor.execute(HttpRequestExecutor.java:124)
	at org.apache.http.impl.execchain.MainClientExec.execute(MainClientExec.java:271)
	at org.apache.http.impl.execchain.ProtocolExec.execute(ProtocolExec.java:184)
	at org.apache.http.impl.execchain.RetryExec.execute(RetryExec.java:88)
	at org.apache.http.impl.execchain.RedirectExec.execute(RedirectExec.java:110)
	at org.apache.http.impl.client.InternalHttpClient.doExecute(InternalHttpClient.java:184)
	at org.apache.http.impl.client.CloseableHttpClient.execute(CloseableHttpClient.java:82)
	at org.apache.http.impl.client.CloseableHttpClient.execute(CloseableHttpClient.java:107)
	at com.iflytek.msp.cpdb.lfasr.http.HttpUtil.post(HttpUtil.java:48)
	at com.iflytek.msp.cpdb.lfasr.worker.HttpWorker.getProgress(HttpWorker.java:93)
	at com.iflytek.msp.cpdb.lfasr.client.LfasrClientImp.lfasrGetProgress(LfasrClientImp.java:224)
	at com.iflytek.msp.lfasr.TestLfasr.main(TestLfasr.java:74)
2017-09-01 22:36:15 [ERROR] com.iflytek.msp.cpdb.lfasr.http.HttpUtil.post(HttpUtil.java:51) - [COMPENT]-CLIENT [PROCESS]-HttpUtil [ID]- [STATUS]- [MEASURE]-(-1) ms [DEF]-http post request error
java.net.SocketException: Connection reset
	at java.net.SocketInputStream.read(SocketInputStream.java:209)
	at java.net.SocketInputStream.read(SocketInputStream.java:141)
	at org.apache.http.impl.io.SessionInputBufferImpl.streamRead(SessionInputBufferImpl.java:139)
	at org.apache.http.impl.io.SessionInputBufferImpl.fillBuffer(SessionInputBufferImpl.java:155)
	at org.apache.http.impl.io.SessionInputBufferImpl.readLine(SessionInputBufferImpl.java:284)
	at org.apache.http.impl.conn.DefaultHttpResponseParser.parseHead(DefaultHttpResponseParser.java:140)
	at org.apache.http.impl.conn.DefaultHttpResponseParser.parseHead(DefaultHttpResponseParser.java:57)
	at org.apache.http.impl.io.AbstractMessageParser.parse(AbstractMessageParser.java:261)
	at org.apache.http.impl.DefaultBHttpClientConnection.receiveResponseHeader(DefaultBHttpClientConnection.java:165)
	at org.apache.http.impl.conn.CPoolProxy.receiveResponseHeader(CPoolProxy.java:167)
	at org.apache.http.protocol.HttpRequestExecutor.doReceiveResponse(HttpRequestExecutor.java:272)
	at org.apache.http.protocol.HttpRequestExecutor.execute(HttpRequestExecutor.java:124)
	at org.apache.http.impl.execchain.MainClientExec.execute(MainClientExec.java:271)
	at org.apache.http.impl.execchain.ProtocolExec.execute(ProtocolExec.java:184)
	at org.apache.http.impl.execchain.RetryExec.execute(RetryExec.java:88)
	at org.apache.http.impl.execchain.RedirectExec.execute(RedirectExec.java:110)
	at org.apache.http.impl.client.InternalHttpClient.doExecute(InternalHttpClient.java:184)
	at org.apache.http.impl.client.CloseableHttpClient.execute(CloseableHttpClient.java:82)
	at org.apache.http.impl.client.CloseableHttpClient.execute(CloseableHttpClient.java:107)
	at com.iflytek.msp.cpdb.lfasr.http.HttpUtil.post(HttpUtil.java:48)
	at com.iflytek.msp.cpdb.lfasr.worker.HttpWorker.getProgress(HttpWorker.java:93)
	at com.iflytek.msp.cpdb.lfasr.client.LfasrClientImp.lfasrGetProgress(LfasrClientImp.java:224)
	at com.iflytek.msp.lfasr.TestLfasr.main(TestLfasr.java:74)
2017-09-01 22:36:47 [ERROR] com.iflytek.msp.cpdb.lfasr.http.HttpUtil.post(HttpUtil.java:51) - [COMPENT]-CLIENT [PROCESS]-HttpUtil [ID]- [STATUS]- [MEASURE]-(-1) ms [DEF]-http post request error
java.net.SocketException: Connection reset
	at java.net.SocketInputStream.read(SocketInputStream.java:209)
	at java.net.SocketInputStream.read(SocketInputStream.java:141)
	at org.apache.http.impl.io.SessionInputBufferImpl.streamRead(SessionInputBufferImpl.java:139)
	at org.apache.http.impl.io.SessionInputBufferImpl.fillBuffer(SessionInputBufferImpl.java:155)
	at org.apache.http.impl.io.SessionInputBufferImpl.readLine(SessionInputBufferImpl.java:284)
	at org.apache.http.impl.conn.DefaultHttpResponseParser.parseHead(DefaultHttpResponseParser.java:140)
	at org.apache.http.impl.conn.DefaultHttpResponseParser.parseHead(DefaultHttpResponseParser.java:57)
	at org.apache.http.impl.io.AbstractMessageParser.parse(AbstractMessageParser.java:261)
	at org.apache.http.impl.DefaultBHttpClientConnection.receiveResponseHeader(DefaultBHttpClientConnection.java:165)
	at org.apache.http.impl.conn.CPoolProxy.receiveResponseHeader(CPoolProxy.java:167)
	at org.apache.http.protocol.HttpRequestExecutor.doReceiveResponse(HttpRequestExecutor.java:272)
	at org.apache.http.protocol.HttpRequestExecutor.execute(HttpRequestExecutor.java:124)
	at org.apache.http.impl.execchain.MainClientExec.execute(MainClientExec.java:271)
	at org.apache.http.impl.execchain.ProtocolExec.execute(ProtocolExec.java:184)
	at org.apache.http.impl.execchain.RetryExec.execute(RetryExec.java:88)
	at org.apache.http.impl.execchain.RedirectExec.execute(RedirectExec.java:110)
	at org.apache.http.impl.client.InternalHttpClient.doExecute(InternalHttpClient.java:184)
	at org.apache.http.impl.client.CloseableHttpClient.execute(CloseableHttpClient.java:82)
	at org.apache.http.impl.client.CloseableHttpClient.execute(CloseableHttpClient.java:107)
	at com.iflytek.msp.cpdb.lfasr.http.HttpUtil.post(HttpUtil.java:48)
	at com.iflytek.msp.cpdb.lfasr.worker.HttpWorker.getProgress(HttpWorker.java:93)
	at com.iflytek.msp.cpdb.lfasr.client.LfasrClientImp.lfasrGetProgress(LfasrClientImp.java:224)
	at com.iflytek.msp.lfasr.TestLfasr.main(TestLfasr.java:74)
2017-09-01 22:37:19 [ERROR] com.iflytek.msp.cpdb.lfasr.http.HttpUtil.post(HttpUtil.java:51) - [COMPENT]-CLIENT [PROCESS]-HttpUtil [ID]- [STATUS]- [MEASURE]-(-1) ms [DEF]-http post request error
java.net.SocketException: Connection reset
	at java.net.SocketInputStream.read(SocketInputStream.java:209)
	at java.net.SocketInputStream.read(SocketInputStream.java:141)
	at org.apache.http.impl.io.SessionInputBufferImpl.streamRead(SessionInputBufferImpl.java:139)
	at org.apache.http.impl.io.SessionInputBufferImpl.fillBuffer(SessionInputBufferImpl.java:155)
	at org.apache.http.impl.io.SessionInputBufferImpl.readLine(SessionInputBufferImpl.java:284)
	at org.apache.http.impl.conn.DefaultHttpResponseParser.parseHead(DefaultHttpResponseParser.java:140)
	at org.apache.http.impl.conn.DefaultHttpResponseParser.parseHead(DefaultHttpResponseParser.java:57)
	at org.apache.http.impl.io.AbstractMessageParser.parse(AbstractMessageParser.java:261)
	at org.apache.http.impl.DefaultBHttpClientConnection.receiveResponseHeader(DefaultBHttpClientConnection.java:165)
	at org.apache.http.impl.conn.CPoolProxy.receiveResponseHeader(CPoolProxy.java:167)
	at org.apache.http.protocol.HttpRequestExecutor.doReceiveResponse(HttpRequestExecutor.java:272)
	at org.apache.http.protocol.HttpRequestExecutor.execute(HttpRequestExecutor.java:124)
	at org.apache.http.impl.execchain.MainClientExec.execute(MainClientExec.java:271)
	at org.apache.http.impl.execchain.ProtocolExec.execute(ProtocolExec.java:184)
	at org.apache.http.impl.execchain.RetryExec.execute(RetryExec.java:88)
	at org.apache.http.impl.execchain.RedirectExec.execute(RedirectExec.java:110)
	at org.apache.http.impl.client.InternalHttpClient.doExecute(InternalHttpClient.java:184)
	at org.apache.http.impl.client.CloseableHttpClient.execute(CloseableHttpClient.java:82)
	at org.apache.http.impl.client.CloseableHttpClient.execute(CloseableHttpClient.java:107)
	at com.iflytek.msp.cpdb.lfasr.http.HttpUtil.post(HttpUtil.java:48)
	at com.iflytek.msp.cpdb.lfasr.worker.HttpWorker.getProgress(HttpWorker.java:93)
	at com.iflytek.msp.cpdb.lfasr.client.LfasrClientImp.lfasrGetProgress(LfasrClientImp.java:224)
	at com.iflytek.msp.lfasr.TestLfasr.main(TestLfasr.java:74)
